TN:
SF:/home/ulka2509/C2_s21_stringplus-2/src/s21_strcmp.c
FN:11,s21_strcmp
FNDA:8,s21_strcmp
DA:11,8
DA:12,8
DA:14,8
DA:15,8
DA:17,35
DA:18,27
DA:20,8
DA:22,8
end_of_record
TN:
SF:/home/ulka2509/C2_s21_stringplus-2/src/s21_strchr.c
FN:3,s21_strchr
FNDA:634,s21_strchr
DA:3,634
DA:4,634
DA:6,8084
DA:7,8023
DA:8,573
DA:9,573
DA:12,634
end_of_record
TN:
SF:/home/ulka2509/C2_s21_stringplus-2/src/s21_strstr.c
FN:3,s21_strstr
FNDA:11,s21_strstr
DA:3,11
DA:4,11
DA:5,11
DA:6,100
DA:7,91
DA:8,98
DA:9,111
DA:10,104
DA:11,91
DA:12,91
DA:15,98
DA:16,7
DA:17,7
DA:21,11
end_of_record
TN:
SF:/home/ulka2509/C2_s21_stringplus-2/src/main.c
FN:3,main
FNDA:1,main
FN:9,run_testcase
FNDA:29,run_testcase
FN:25,run_tests
FNDA:1,run_tests
DA:3,1
DA:4,1
DA:6,1
DA:9,29
DA:10,29
DA:13,29
DA:14,29
DA:15,29
DA:17,29
DA:19,29
DA:20,29
DA:22,29
DA:23,29
DA:25,1
DA:26,1
DA:27,1
DA:28,1
DA:29,1
DA:30,1
DA:31,1
DA:32,1
DA:33,1
DA:34,1
DA:35,1
DA:37,30
DA:38,29
DA:39,29
DA:41,1
end_of_record
TN:
SF:/home/ulka2509/C2_s21_stringplus-2/src/s21_strcspn.c
FN:3,s21_strcspn
FNDA:15,s21_strcspn
DA:3,15
DA:4,15
DA:6,104
DA:7,101
DA:8,7488
DA:9,7399
DA:10,12
DA:11,12
DA:14,101
DA:15,12
DA:17,89
DA:20,15
end_of_record
TN:
SF:/home/ulka2509/C2_s21_stringplus-2/src/s21_memchr.c
FN:18,s21_memchr
FNDA:8,s21_memchr
DA:18,8
DA:19,8
DA:20,8
DA:21,70
DA:22,67
DA:23,5
DA:24,5
DA:26,62
DA:28,8
end_of_record
TN:
SF:/home/ulka2509/C2_s21_stringplus-2/src/s21_strlen.c
FN:8,s21_strlen
FNDA:10220,s21_strlen
DA:8,10220
DA:9,10220
DA:11,10220
DA:12,318163
DA:13,307967
DA:16,10220
end_of_record
TN:
SF:/home/ulka2509/C2_s21_stringplus-2/src/s21_strntollu.c
FN:3,s21_strntollu
FNDA:76,s21_strntollu
DA:3,76
DA:5,76
DA:6,76
DA:7,76
DA:8,76
DA:9,76
DA:10,1
DA:11,1
DA:13,136
DA:14,84
DA:15,38
DA:17,76
DA:18,381
DA:20,246
DA:21,305
DA:22,305
DA:23,305
DA:24,305
DA:25,27
DA:27,278
DA:28,278
DA:29,8
DA:31,270
DA:32,270
DA:33,270
DA:36,305
DA:38,76
end_of_record
TN:
SF:/home/ulka2509/C2_s21_stringplus-2/src/s21_strcat.c
FN:3,s21_strcat
FNDA:7,s21_strcat
DA:3,7
DA:4,7
DA:5,7
DA:7,202
DA:8,195
DA:10,7
DA:12,7
end_of_record
TN:
SF:/home/ulka2509/C2_s21_stringplus-2/src/s21_strpbrk.c
FN:3,s21_strpbrk
FNDA:8,s21_strpbrk
DA:3,8
DA:4,8
DA:6,43
DA:7,55
DA:8,20
DA:9,4
DA:10,4
DA:13,39
DA:14,4
DA:17,8
end_of_record
TN:
SF:/home/ulka2509/C2_s21_stringplus-2/src/s21_atoi.c
FN:3,s21_atoi
FNDA:716,s21_atoi
DA:3,716
DA:4,716
DA:5,716
DA:6,716
DA:8,718
DA:10,716
DA:11,8
DA:12,8
DA:15,716
DA:16,7
DA:19,1348
DA:20,633
DA:21,633
DA:22,1
DA:23,1
DA:25,632
DA:27,716
DA:28,1
DA:30,715
DA:32,716
end_of_record
TN:
SF:/home/ulka2509/C2_s21_stringplus-2/src/s21_c_sharp.c
FN:13,s21_to_upper
FNDA:5,s21_to_upper
FN:44,s21_to_lower
FNDA:5,s21_to_lower
FN:81,s21_insert
FNDA:6,s21_insert
FN:119,s21_trim
FNDA:15,s21_trim
FN:146,s21_trim_left
FNDA:11,s21_trim_left
FN:161,s21_trim_right
FNDA:8,s21_trim_right
DA:13,5
DA:14,5
DA:16,5
DA:17,5
DA:19,5
DA:21,5
DA:22,29
DA:23,24
DA:24,12
DA:26,12
DA:29,5
DA:32,5
DA:44,5
DA:45,5
DA:47,5
DA:48,5
DA:50,5
DA:52,5
DA:53,49
DA:54,44
DA:55,9
DA:57,35
DA:60,5
DA:63,5
DA:81,6
DA:82,6
DA:84,10
DA:85,4
DA:86,4
DA:87,4
DA:89,4
DA:91,4
DA:92,63
DA:93,59
DA:94,40
DA:96,19
DA:98,4
DA:100,2
DA:101,1
DA:102,1
DA:104,6
DA:119,15
DA:120,15
DA:122,15
DA:123,26
DA:124,11
DA:125,11
DA:127,11
DA:128,11
DA:129,11
DA:130,11
DA:131,143
DA:132,132
DA:133,121
DA:135,11
DA:140,4
DA:143,15
DA:146,11
DA:148,11
DA:150,766
DA:151,755
DA:152,52
DA:153,52
DA:154,52
DA:155,52
DA:157,703
DA:159,11
DA:161,8
DA:163,8
DA:164,8
DA:166,59
DA:167,51
DA:168,14
DA:169,14
DA:170,14
DA:171,14
DA:173,37
DA:175,8
end_of_record
TN:
SF:/home/ulka2509/C2_s21_stringplus-2/src/s21_memset.c
FN:3,s21_memset
FNDA:480,s21_memset
DA:3,480
DA:4,480
DA:6,32764
DA:7,32284
DA:9,480
end_of_record
TN:
SF:/home/ulka2509/C2_s21_stringplus-2/src/s21_strncpy.c
FN:3,s21_strncpy
FNDA:6,s21_strncpy
DA:3,6
DA:4,6
DA:6,15
DA:7,9
DA:9,6
end_of_record
TN:
SF:/home/ulka2509/C2_s21_stringplus-2/src/s21_sprintf.c
FN:3,s21_sprintf
FNDA:212,s21_sprintf
FN:35,get_flags
FNDA:359,get_flags
FN:60,get_width
FNDA:359,get_width
FN:72,get_precision
FNDA:359,get_precision
FN:89,get_length
FNDA:359,get_length
FN:106,handle_value
FNDA:359,handle_value
FN:133,parse_int
FNDA:47,parse_int
FN:147,whole_num_to_string
FNDA:61,whole_num_to_string
FN:166,format_precision
FNDA:211,format_precision
FN:186,check_integer_specifier
FNDA:11,check_integer_specifier
FN:198,format_flags
FNDA:294,format_flags
FN:222,unsigned_num_to_string
FNDA:150,unsigned_num_to_string
FN:234,parse_unsigned
FNDA:26,parse_unsigned
FN:251,parse_octal
FNDA:14,parse_octal
FN:258,to_upper
FNDA:57,to_upper
FN:265,is_all_zeroes
FNDA:41,is_all_zeroes
FN:271,parse_hex
FNDA:119,parse_hex
FN:292,prepend_ox
FNDA:41,prepend_ox
FN:300,parse_char
FNDA:31,parse_char
FN:312,format_wchar
FNDA:3,format_wchar
FN:325,format_char
FNDA:28,format_char
FN:339,parse_string
FNDA:27,parse_string
FN:348,format_string
FNDA:22,format_string
FN:364,format_wide_string
FNDA:5,format_wide_string
FN:383,parse_pointer
FNDA:5,parse_pointer
FN:390,parse_float
FNDA:33,parse_float
FN:403,double_to_string
FNDA:83,double_to_string
FN:443,parse_mantiss
FNDA:32,parse_mantiss
FN:470,prepend_mantiss
FNDA:36,prepend_mantiss
FN:480,parse_float_g_G
FNDA:18,parse_float_g_G
FN:513,remove_trailing_zeroes
FNDA:18,remove_trailing_zeroes
FN:527,format_gG_precision
FNDA:18,format_gG_precision
FN:548,s21_isdigit
FNDA:1210,s21_isdigit
DA:3,212
DA:4,212
DA:6,212
DA:7,212
DA:8,990
DA:9,778
DA:10,419
DA:11,419
DA:13,359
DA:14,359
DA:16,359
DA:17,359
DA:18,359
DA:19,359
DA:20,359
DA:21,359
DA:22,359
DA:23,359
DA:24,4346
DA:25,359
DA:26,2
DA:27,2
DA:30,212
DA:31,212
DA:32,212
DA:35,359
DA:36,489
DA:37,400
DA:38,130
DA:39,17
DA:40,17
DA:41,17
DA:42,41
DA:43,41
DA:44,41
DA:45,13
DA:46,13
DA:47,13
DA:48,18
DA:49,18
DA:50,18
DA:51,41
DA:52,41
DA:53,41
DA:55,130
DA:57,359
DA:60,359
DA:61,359
DA:62,19
DA:63,19
DA:64,340
DA:65,117
DA:66,283
DA:67,117
DA:69,359
DA:72,359
DA:73,359
DA:74,95
DA:75,95
DA:77,359
DA:78,10
DA:79,10
DA:81,359
DA:82,74
DA:83,169
DA:84,74
DA:86,359
DA:89,359
DA:90,359
DA:91,19
DA:92,19
DA:93,19
DA:94,19
DA:95,40
DA:96,40
DA:97,40
DA:98,40
DA:99,27
DA:100,27
DA:101,27
DA:103,359
DA:106,359
DA:107,359
DA:108,47
DA:109,312
DA:110,26
DA:111,286
DA:112,14
DA:113,272
DA:114,119
DA:115,153
DA:116,5
DA:117,148
DA:118,31
DA:119,117
DA:120,27
DA:121,90
DA:122,5
DA:123,85
DA:124,33
DA:125,52
DA:126,32
DA:127,20
DA:128,18
DA:129,359
DA:130,57
DA:131,359
DA:133,47
DA:134,47
DA:135,47
DA:136,31
DA:137,31
DA:138,31
DA:139,6
DA:140,6
DA:142,47
DA:143,47
DA:144,47
DA:145,47
DA:147,61
DA:148,61
DA:149,61
DA:150,61
DA:151,61
DA:152,61
DA:153,321
DA:154,260
DA:155,260
DA:156,260
DA:158,328
DA:159,267
DA:160,8
DA:162,267
DA:164,61
DA:166,211
DA:167,211
DA:168,211
DA:169,211
DA:170,211
DA:171,8
DA:172,8
DA:173,8
DA:175,211
DA:177,301
DA:178,95
DA:179,19
DA:181,222
DA:182,22
DA:183,1
DA:184,211
DA:186,11
DA:187,11
DA:188,11
DA:189,33
DA:190,33
DA:191,11
DA:192,11
DA:195,11
DA:198,294
DA:199,294
DA:200,294
DA:201,9
DA:202,9
DA:203,9
DA:204,285
DA:205,8
DA:206,8
DA:207,8
DA:209,294
DA:210,56
DA:211,56
DA:212,41
DA:213,41
DA:215,15
DA:216,15
DA:218,56
DA:220,294
DA:222,150
DA:223,150
DA:224,150
DA:225,150
DA:226,27
DA:227,27
DA:229,902
DA:230,752
DA:231,929
DA:232,150
DA:234,26
DA:235,26
DA:236,26
DA:237,4
DA:238,4
DA:239,4
DA:240,6
DA:241,6
DA:242,6
DA:243,16
DA:244,16
DA:246,26
DA:247,26
DA:248,26
DA:249,26
DA:251,14
DA:252,14
DA:253,14
DA:254,14
DA:255,14
DA:256,14
DA:258,57
DA:259,720
DA:260,663
DA:261,663
DA:263,57
DA:265,41
DA:266,89
DA:267,81
DA:268,8
DA:271,119
DA:272,119
DA:273,119
DA:274,106
DA:275,106
DA:276,106
DA:277,7
DA:278,7
DA:279,7
DA:280,6
DA:281,6
DA:282,6
DA:284,119
DA:285,119
DA:286,119
DA:287,36
DA:289,119
DA:290,119
DA:292,41
DA:293,41
DA:294,34
DA:295,34
DA:296,34
DA:298,41
DA:300,31
DA:301,31
DA:303,3
DA:304,3
DA:307,28
DA:308,28
DA:310,31
DA:312,3
DA:313,4
DA:314,1
DA:315,1
DA:316,41
DA:317,1
DA:318,2
DA:319,1
DA:320,3
DA:322,1
DA:324,3
DA:325,28
DA:326,28
DA:327,58
DA:328,51
DA:329,51
DA:331,21
DA:332,6
DA:333,36
DA:335,15
DA:337,28
DA:339,27
DA:340,27
DA:341,5
DA:342,5
DA:344,22
DA:345,22
DA:347,27
DA:348,22
DA:349,22
DA:350,22
DA:351,22
DA:352,22
DA:353,22
DA:354,22
DA:355,2
DA:356,2
DA:357,20
DA:358,4
DA:359,4
DA:361,16
DA:363,22
DA:364,5
DA:365,5
DA:366,5
DA:367,5
DA:368,5
DA:369,5
DA:370,5
DA:371,5
DA:372,5
DA:373,1
DA:374,1
DA:375,4
DA:376,2
DA:377,2
DA:379,2
DA:381,5
DA:383,5
DA:384,5
DA:385,5
DA:386,5
DA:387,5
DA:388,5
DA:390,33
DA:391,33
DA:392,33
DA:393,13
DA:395,20
DA:397,33
DA:398,18
DA:400,33
DA:401,33
DA:402,33
DA:403,83
DA:404,83
DA:405,83
DA:406,83
DA:407,83
DA:408,83
DA:409,83
DA:410,17
DA:411,17
DA:413,83
DA:414,595
DA:415,512
DA:416,512
DA:418,83
DA:419,83
DA:420,67
DA:422,528
DA:423,468
DA:425,83
DA:426,22
DA:427,66
DA:428,83
DA:429,22
DA:430,22
DA:432,201
DA:434,823
DA:435,740
DA:436,8
DA:437,8
DA:439,740
DA:441,83
DA:443,32
DA:444,32
DA:445,32
DA:446,11
DA:448,21
DA:450,32
DA:451,32
DA:452,32
DA:453,57
DA:454,33
DA:455,33
DA:458,8
DA:460,94
DA:461,62
DA:462,62
DA:464,32
DA:465,32
DA:466,32
DA:467,32
DA:468,32
DA:470,36
DA:471,36
DA:472,36
DA:473,36
DA:474,36
DA:475,36
DA:476,36
DA:477,36
DA:478,36
DA:480,18
DA:481,18
DA:482,18
DA:483,3
DA:485,15
DA:487,18
DA:488,11
DA:490,18
DA:491,18
DA:492,18
DA:493,18
DA:494,18
DA:495,60
DA:496,44
DA:497,44
DA:500,18
DA:501,4
DA:502,4
DA:504,14
DA:505,14
DA:507,18
DA:508,18
DA:509,18
DA:510,18
DA:511,18
DA:513,18
DA:514,18
DA:515,18
DA:516,18
DA:517,56
DA:518,54
DA:519,42
DA:521,12
DA:523,14
DA:525,18
DA:527,18
DA:528,18
DA:529,18
DA:530,18
DA:531,119
DA:532,113
DA:533,54
DA:535,59
DA:536,59
DA:537,59
DA:539,59
DA:540,12
DA:541,12
DA:542,12
DA:543,12
DA:546,18
DA:548,1210
end_of_record
TN:
SF:/home/ulka2509/C2_s21_stringplus-2/src/s21_strncmp.c
FN:3,s21_strncmp
FNDA:90,s21_strncmp
DA:3,90
DA:4,90
DA:6,90
DA:7,189
DA:8,149
DA:9,47
DA:10,47
DA:14,90
end_of_record
TN:
SF:/home/ulka2509/C2_s21_stringplus-2/src/s21_strncat.c
FN:3,s21_strncat
FNDA:10,s21_strncat
DA:3,10
DA:4,10
DA:5,10
DA:7,36
DA:8,26
DA:10,10
DA:12,10
end_of_record
TN:
SF:/home/ulka2509/C2_s21_stringplus-2/src/s21_strerror.c
FN:260,s21_strerror
FNDA:1,s21_strerror
DA:260,1
DA:263,1
DA:264,0
DA:266,1
DA:268,1
end_of_record
TN:
SF:/home/ulka2509/C2_s21_stringplus-2/src/s21_strspn.c
FN:13,s21_strspn
FNDA:1492,s21_strspn
DA:13,1492
DA:14,1492
DA:16,4295
DA:17,4049
DA:18,30129
DA:19,28883
DA:20,2803
DA:21,2803
DA:22,2803
DA:25,4049
DA:27,1492
end_of_record
TN:
SF:/home/ulka2509/C2_s21_stringplus-2/src/s21_strtok.c
FN:18,s21_strtok
FNDA:62,s21_strtok
DA:18,62
DA:26,62
DA:27,12
DA:28,12
DA:29,12
DA:30,12
DA:31,12
DA:33,12
DA:35,62
DA:36,62
DA:37,48
DA:38,242
DA:39,233
DA:40,233
DA:41,39
DA:42,127
DA:43,39
DA:44,39
DA:47,48
DA:48,48
DA:49,48
DA:51,62
DA:52,62
end_of_record
TN:
SF:/home/ulka2509/C2_s21_stringplus-2/src/s21_strcpy.c
FN:3,s21_strcpy
FNDA:240,s21_strcpy
DA:3,240
DA:4,3399
DA:5,3159
DA:7,240
DA:9,240
end_of_record
TN:
SF:/home/ulka2509/C2_s21_stringplus-2/src/s21_strtold.c
FN:10,s21_strtold
FNDA:129,s21_strtold
FN:23,s21_case_insens_search
FNDA:258,s21_case_insens_search
FN:44,s21_includes_inf_nan
FNDA:129,s21_includes_inf_nan
FN:55,s21_return_nan_inf
FNDA:129,s21_return_nan_inf
FN:77,s21_apply_exponent
FNDA:0,s21_apply_exponent
FN:102,s21_includes_exponent
FNDA:0,s21_includes_exponent
FN:113,s21_atof
FNDA:0,s21_atof
DA:10,129
DA:11,129
DA:12,129
DA:14,129
DA:15,0
DA:16,0
DA:17,0
DA:20,129
DA:23,258
DA:24,258
DA:25,258
DA:27,516
DA:28,258
DA:29,18072079
DA:30,18072079
DA:31,18072079
DA:32,774
DA:33,774
DA:35,18072079
DA:36,258
DA:37,258
DA:41,258
DA:44,129
DA:45,129
DA:46,129
DA:47,129
DA:49,129
DA:50,129
DA:52,129
DA:55,129
DA:56,129
DA:58,752
DA:59,651
DA:60,14
DA:61,14
DA:63,637
DA:64,14
DA:65,14
DA:68,129
DA:77,0
DA:78,0
DA:79,0
DA:80,0
DA:81,0
DA:82,0
DA:83,0
DA:86,0
DA:87,0
DA:88,0
DA:90,0
DA:92,0
DA:94,0
DA:102,0
DA:103,0
DA:104,0
DA:105,0
DA:106,0
DA:107,0
DA:110,0
DA:113,0
DA:114,0
DA:115,0
DA:116,0
DA:117,0
DA:118,0
DA:120,0
DA:121,0
DA:122,0
DA:124,0
DA:126,0
DA:127,0
DA:128,0
DA:129,0
DA:130,0
DA:132,0
DA:133,0
DA:134,0
DA:137,0
DA:138,0
end_of_record
TN:
SF:/home/ulka2509/C2_s21_stringplus-2/src/s21_memmove.c
FN:20,s21_memmove
FNDA:57,s21_memmove
DA:20,57
DA:21,57
DA:22,57
DA:23,57
DA:25,57
DA:26,57
DA:27,57
DA:28,57
DA:30,57
end_of_record
TN:
SF:/home/ulka2509/C2_s21_stringplus-2/src/s21_strrchr.c
FN:3,s21_strrchr
FNDA:8,s21_strrchr
DA:3,8
DA:4,8
DA:5,8
DA:7,25
DA:8,23
DA:9,6
DA:10,6
DA:13,8
end_of_record
TN:
SF:/home/ulka2509/C2_s21_stringplus-2/src/s21_sscanf.c
FN:3,s21_sscanf
FNDA:146,s21_sscanf
FN:22,s21_isspace
FNDA:4178,s21_isspace
FN:23,s21_isalpha
FNDA:1697,s21_isalpha
FN:26,check_EOF_string
FNDA:146,check_EOF_string
FN:36,parse_tokens
FNDA:1697,parse_tokens
FN:73,skip_chars_in_buffer
FNDA:24,skip_chars_in_buffer
FN:86,fstr_parse_width
FNDA:437,fstr_parse_width
FN:99,parse_number_from_fstr
FNDA:400,parse_number_from_fstr
FN:112,fstr_parse_length
FNDA:437,fstr_parse_length
FN:133,fstr_parse_specifier
FNDA:437,fstr_parse_specifier
FN:138,write_tokens_to_memory
FNDA:140,write_tokens_to_memory
FN:162,skip_spaces_in_str
FNDA:606,skip_spaces_in_str
FN:168,write_char_to_memory
FNDA:81,write_char_to_memory
FN:184,write_int_to_memory
FNDA:109,write_int_to_memory
FN:218,write_unspec_int_to_memory
FNDA:66,write_unspec_int_to_memory
FN:235,write_chars_to_buff
FNDA:275,write_chars_to_buff
FN:245,write_float_to_memory
FNDA:40,write_float_to_memory
FN:282,write_string_to_memory
FNDA:40,write_string_to_memory
FN:313,write_unsigned_to_memory
FNDA:15,write_unsigned_to_memory
FN:336,write_hex_or_oct_to_memory
FNDA:79,write_hex_or_oct_to_memory
FN:370,unsigned_type_converter
FNDA:48,unsigned_type_converter
FN:384,int_type_converter
FNDA:88,int_type_converter
FN:398,float_type_converter
FNDA:33,float_type_converter
DA:3,146
DA:4,146
DA:5,146
DA:7,140
DA:8,140
DA:9,140
DA:10,140
DA:11,140
DA:13,1837
DA:14,1697
DA:15,1697
DA:17,140
DA:18,140
DA:20,146
DA:22,4178
DA:23,1697
DA:24,1697
DA:26,146
DA:27,146
DA:28,284
DA:29,278
DA:30,140
DA:31,140
DA:34,146
DA:36,1697
DA:37,1697
DA:42,1697
DA:43,256
DA:44,256
DA:46,1697
DA:47,475
DA:48,475
DA:49,38
DA:50,38
DA:51,38
DA:52,38
DA:54,437
DA:55,437
DA:56,437
DA:57,437
DA:59,475
DA:61,1697
DA:62,6
DA:63,6
DA:64,46
DA:65,40
DA:66,40
DA:68,6
DA:70,1697
DA:73,24
DA:74,24
DA:75,24
DA:76,24
DA:77,18
DA:78,18
DA:80,6
DA:81,3
DA:83,3
DA:86,437
DA:87,437
DA:88,37
DA:89,37
DA:91,400
DA:92,400
DA:93,63
DA:94,63
DA:97,437
DA:99,400
DA:100,400
DA:101,400
DA:102,472
DA:103,72
DA:104,72
DA:105,72
DA:107,400
DA:109,400
DA:112,437
DA:113,437
DA:114,24
DA:115,24
DA:116,24
DA:117,24
DA:118,131
DA:119,131
DA:120,131
DA:121,131
DA:122,118
DA:123,118
DA:125,131
DA:126,10
DA:127,10
DA:128,10
DA:129,10
DA:131,437
DA:133,437
DA:134,437
DA:135,437
DA:136,437
DA:138,140
DA:139,140
DA:141,1225
DA:142,1085
DA:143,1085
DA:144,1085
DA:145,1085
DA:146,66
DA:147,1085
DA:148,40
DA:149,1085
DA:150,1085
DA:151,1085
DA:152,30
DA:153,1085
DA:154,15
DA:155,1085
DA:156,1085
DA:157,1085
DA:159,140
DA:162,606
DA:163,1136
DA:164,530
DA:166,606
DA:168,81
DA:169,81
DA:170,81
DA:171,81
DA:172,81
DA:173,21
DA:174,21
DA:176,60
DA:177,60
DA:178,60
DA:179,60
DA:182,81
DA:184,109
DA:185,109
DA:186,109
DA:187,109
DA:188,109
DA:190,96
DA:193,96
DA:194,93
DA:195,93
DA:196,93
DA:197,93
DA:198,93
DA:201,109
DA:202,109
DA:206,2
DA:207,2
DA:210,107
DA:211,88
DA:214,109
DA:215,86
DA:216,109
DA:218,66
DA:220,66
DA:221,66
DA:222,66
DA:223,28
DA:224,28
DA:225,38
DA:226,6
DA:227,6
DA:228,32
DA:229,31
DA:230,31
DA:232,66
DA:235,275
DA:237,670
DA:238,401
DA:239,395
DA:240,395
DA:241,395
DA:243,275
DA:245,40
DA:246,40
DA:247,40
DA:248,20
DA:250,20
DA:251,40
DA:252,34
DA:253,34
DA:254,34
DA:255,34
DA:256,34
DA:257,9
DA:258,9
DA:259,9
DA:261,34
DA:262,14
DA:265,20
DA:267,34
DA:268,33
DA:269,33
DA:270,33
DA:274,40
DA:275,40
DA:276,20
DA:278,20
DA:280,40
DA:282,40
DA:284,40
DA:285,40
DA:286,40
DA:287,292
DA:288,252
DA:289,161
DA:290,508
DA:291,497
DA:292,497
DA:294,497
DA:295,99
DA:297,398
DA:299,398
DA:300,51
DA:301,51
DA:305,252
DA:307,40
DA:308,12
DA:309,12
DA:311,40
DA:313,15
DA:315,15
DA:316,15
DA:317,15
DA:318,15
DA:319,13
DA:320,13
DA:321,8
DA:322,8
DA:323,8
DA:324,8
DA:325,8
DA:328,15
DA:329,15
DA:330,8
DA:332,15
DA:333,14
DA:334,15
DA:336,79
DA:338,79
DA:339,79
DA:340,79
DA:341,79
DA:342,79
DA:343,3
DA:344,3
DA:345,3
DA:347,79
DA:348,38
DA:349,85
DA:350,79
DA:351,73
DA:352,73
DA:353,73
DA:354,70
DA:355,70
DA:356,30
DA:358,40
DA:361,6
DA:363,79
DA:364,79
DA:365,76
DA:367,3
DA:368,79
DA:370,48
DA:372,48
DA:373,27
DA:374,21
DA:375,11
DA:376,10
DA:377,3
DA:378,7
DA:379,7
DA:380,7
DA:382,48
DA:384,88
DA:385,88
DA:386,88
DA:387,17
DA:388,71
DA:389,4
DA:390,67
DA:391,4
DA:392,63
DA:393,63
DA:396,88
DA:398,33
DA:399,33
DA:400,33
DA:401,33
DA:402,8
DA:403,33
end_of_record
TN:
SF:/home/ulka2509/C2_s21_stringplus-2/src/s21_memcmp.c
FN:3,s21_memcmp
FNDA:10,s21_memcmp
DA:3,10
DA:4,10
DA:5,10
DA:6,10
DA:7,159
DA:8,153
DA:9,153
DA:10,149
DA:11,149
DA:13,10
end_of_record
TN:
SF:/home/ulka2509/C2_s21_stringplus-2/src/s21_memcpy.c
FN:3,s21_memcpy
FNDA:126,s21_memcpy
DA:3,126
DA:4,126
DA:5,126
DA:7,1432
DA:8,1306
DA:10,126
end_of_record
